2023/08/07-20:23:31 DEBUG ProductAspect:25 - 执行之前的:getAllInfo
2023/08/07-20:23:31 DEBUG ProductAspect:37 - 执行后:getAllInfo
2023/08/07-23:17:11 DEBUG ProductAspect:26 - 执行之前的:addProduct
2023/08/07-23:17:13 DEBUG ProductAspect:34 - 执行中: 
### Error updating database.  Cause: java.sql.SQLSyntaxErrorException: You have an error in your SQL syntax; check the manual that corresponds to your MySQL server version for the right syntax to use near ', 
            (# {product.id}, # {product.name}, # {product.price}, # {product.' at line 4
### The error may involve cn.kgc.mapper.ProductMapper.addProduct-Inline
### The error occurred while setting parameters
### SQL: insert into products (id, name, price, category) values                        (# {product.id}, # {product.name}, # {product.price}, # {product.category})          ,              (# {product.id}, # {product.name}, # {product.price}, # {product.category})          ,              (# {product.id}, # {product.name}, # {product.price}, # {product.category})
### Cause: java.sql.SQLSyntaxErrorException: You have an error in your SQL syntax; check the manual that corresponds to your MySQL server version for the right syntax to use near ', 
            (# {product.id}, # {product.name}, # {product.price}, # {product.' at line 4
; bad SQL grammar []; nested exception is java.sql.SQLSyntaxErrorException: You have an error in your SQL syntax; check the manual that corresponds to your MySQL server version for the right syntax to use near ', 
            (# {product.id}, # {product.name}, # {product.price}, # {product.' at line 4
2023/08/07-23:17:13 DEBUG ProductAspect:38 - 执行后:addProduct
2023/08/07-23:18:02 DEBUG ProductAspect:26 - 执行之前的:addProduct
2023/08/07-23:18:04 DEBUG ProductAspect:34 - 执行中: 
### Error updating database.  Cause: java.sql.SQLSyntaxErrorException: You have an error in your SQL syntax; check the manual that corresponds to your MySQL server version for the right syntax to use near ', 
            (# {product.id}, # {product.name}, # {product.price}, # {product.' at line 4
### The error may involve cn.kgc.mapper.ProductMapper.addProduct-Inline
### The error occurred while setting parameters
### SQL: insert into products (id, name, price, category) values                        (# {product.id}, # {product.name}, # {product.price}, # {product.category})          ,              (# {product.id}, # {product.name}, # {product.price}, # {product.category})          ,              (# {product.id}, # {product.name}, # {product.price}, # {product.category})
### Cause: java.sql.SQLSyntaxErrorException: You have an error in your SQL syntax; check the manual that corresponds to your MySQL server version for the right syntax to use near ', 
            (# {product.id}, # {product.name}, # {product.price}, # {product.' at line 4
; bad SQL grammar []; nested exception is java.sql.SQLSyntaxErrorException: You have an error in your SQL syntax; check the manual that corresponds to your MySQL server version for the right syntax to use near ', 
            (# {product.id}, # {product.name}, # {product.price}, # {product.' at line 4
2023/08/07-23:18:04 DEBUG ProductAspect:38 - 执行后:addProduct
2023/08/07-23:30:54 DEBUG ProductAspect:26 - 执行之前的:addProduct
2023/08/07-23:30:56 DEBUG ProductAspect:34 - 执行中: 
### Error updating database.  Cause: java.sql.SQLSyntaxErrorException: You have an error in your SQL syntax; check the manual that corresponds to your MySQL server version for the right syntax to use near ', 
            (# {product.id}, # {product.name}, # {product.price}, # {product.' at line 4
### The error may involve cn.kgc.mapper.ProductMapper.addProduct-Inline
### The error occurred while setting parameters
### SQL: insert into products (id, name, price, category) values                        (# {product.id}, # {product.name}, # {product.price}, # {product.category})          ,              (# {product.id}, # {product.name}, # {product.price}, # {product.category})          ,              (# {product.id}, # {product.name}, # {product.price}, # {product.category})
### Cause: java.sql.SQLSyntaxErrorException: You have an error in your SQL syntax; check the manual that corresponds to your MySQL server version for the right syntax to use near ', 
            (# {product.id}, # {product.name}, # {product.price}, # {product.' at line 4
; bad SQL grammar []; nested exception is java.sql.SQLSyntaxErrorException: You have an error in your SQL syntax; check the manual that corresponds to your MySQL server version for the right syntax to use near ', 
            (# {product.id}, # {product.name}, # {product.price}, # {product.' at line 4
2023/08/07-23:30:56 DEBUG ProductAspect:38 - 执行后:addProduct
2023/08/07-23:31:56 DEBUG ProductAspect:26 - 执行之前的:addProduct
2023/08/07-23:31:57 DEBUG ProductAspect:34 - 执行中: nested exception is org.apache.ibatis.binding.BindingException: Parameter '__frch_product_0' not found. Available parameters are [collection, list]
2023/08/07-23:31:58 DEBUG ProductAspect:38 - 执行后:addProduct
2023/08/07-23:45:16 DEBUG ProductAspect:26 - 执行之前的:addProduct
2023/08/07-23:45:18 DEBUG ProductAspect:34 - 执行中: nested exception is org.apache.ibatis.binding.BindingException: Parameter 'product' not found. Available parameters are [collection, list]
2023/08/07-23:45:18 DEBUG ProductAspect:38 - 执行后:addProduct
2023/08/07-23:47:25 DEBUG ProductAspect:26 - 执行之前的:addProduct
2023/08/07-23:47:27 DEBUG ProductAspect:34 - 执行中: nested exception is org.apache.ibatis.binding.BindingException: Parameter '__frch_products_0' not found. Available parameters are [collection, list]
2023/08/07-23:47:27 DEBUG ProductAspect:38 - 执行后:addProduct
2023/08/07-23:47:52 DEBUG ProductAspect:26 - 执行之前的:addProduct
2023/08/07-23:47:53 DEBUG ProductAspect:34 - 执行中: nested exception is org.apache.ibatis.binding.BindingException: Parameter 'products' not found. Available parameters are [collection, list]
2023/08/07-23:47:53 DEBUG ProductAspect:38 - 执行后:addProduct
2023/08/07-23:50:47 DEBUG ProductAspect:26 - 执行之前的:addProduct
2023/08/07-23:50:49 DEBUG ProductAspect:34 - 执行中: nested exception is org.apache.ibatis.binding.BindingException: Parameter '__frch_product_0' not found. Available parameters are [collection, list]
2023/08/07-23:50:49 DEBUG ProductAspect:38 - 执行后:addProduct
2023/08/07-23:53:59 DEBUG ProductAspect:26 - 执行之前的:addProduct
2023/08/07-23:54:00 DEBUG ProductAspect:34 - 执行中: nested exception is org.apache.ibatis.binding.BindingException: Parameter '__frch_product_0' not found. Available parameters are [collection, list]
2023/08/07-23:54:00 DEBUG ProductAspect:38 - 执行后:addProduct
2023/08/07-23:56:35 DEBUG ProductAspect:26 - 执行之前的:addProduct
2023/08/07-23:56:37 DEBUG ProductAspect:34 - 执行中: nested exception is org.apache.ibatis.binding.BindingException: Parameter '__frch_product_0' not found. Available parameters are [collection, list]
2023/08/07-23:56:37 DEBUG ProductAspect:38 - 执行后:addProduct
2023/08/07-23:57:25 DEBUG ProductAspect:26 - 执行之前的:addProduct
2023/08/07-23:57:27 DEBUG ProductAspect:34 - 执行中: 
### Error updating database.  Cause: java.sql.SQLException: Column count doesn't match value count at row 1
### The error may involve cn.kgc.mapper.ProductMapper.addProduct-Inline
### The error occurred while setting parameters
### SQL: insert into products values                        (?, ?, ?, ?)          ,              (?, ?, ?, ?)          ,              (?, ?, ?, ?)
### Cause: java.sql.SQLException: Column count doesn't match value count at row 1
; bad SQL grammar []; nested exception is java.sql.SQLException: Column count doesn't match value count at row 1
2023/08/07-23:57:27 DEBUG ProductAspect:38 - 执行后:addProduct
2023/08/07-23:58:33 DEBUG ProductAspect:26 - 执行之前的:addProduct
2023/08/07-23:58:35 DEBUG ProductAspect:34 - 执行中: 
### Error updating database.  Cause: java.sql.SQLSyntaxErrorException: You have an error in your SQL syntax; check the manual that corresponds to your MySQL server version for the right syntax to use near ', 1000,'加入的1', '描述的1')
         , 
            (null, , 1000,'加入' at line 3
### The error may involve cn.kgc.mapper.ProductMapper.addProduct-Inline
### The error occurred while setting parameters
### SQL: insert into products values                        (?, , ?,?, ?)          ,              (?, , ?,?, ?)          ,              (?, , ?,?, ?)
### Cause: java.sql.SQLSyntaxErrorException: You have an error in your SQL syntax; check the manual that corresponds to your MySQL server version for the right syntax to use near ', 1000,'加入的1', '描述的1')
         , 
            (null, , 1000,'加入' at line 3
; bad SQL grammar []; nested exception is java.sql.SQLSyntaxErrorException: You have an error in your SQL syntax; check the manual that corresponds to your MySQL server version for the right syntax to use near ', 1000,'加入的1', '描述的1')
         , 
            (null, , 1000,'加入' at line 3
2023/08/07-23:58:35 DEBUG ProductAspect:38 - 执行后:addProduct
2023/08/07-23:58:42 DEBUG ProductAspect:26 - 执行之前的:addProduct
2023/08/07-23:58:44 DEBUG ProductAspect:34 - 执行中: 
### Error updating database.  Cause: java.sql.SQLException: Column count doesn't match value count at row 1
### The error may involve cn.kgc.mapper.ProductMapper.addProduct-Inline
### The error occurred while setting parameters
### SQL: insert into products values                        (?,  ?,?, ?)          ,              (?,  ?,?, ?)          ,              (?,  ?,?, ?)
### Cause: java.sql.SQLException: Column count doesn't match value count at row 1
; bad SQL grammar []; nested exception is java.sql.SQLException: Column count doesn't match value count at row 1
2023/08/07-23:58:44 DEBUG ProductAspect:38 - 执行后:addProduct
2023/08/07-23:59:03 DEBUG ProductAspect:26 - 执行之前的:addProduct
2023/08/07-23:59:05 DEBUG ProductAspect:34 - 执行中: 
### Error updating database.  Cause: java.sql.SQLException: Column count doesn't match value count at row 1
### The error may involve cn.kgc.mapper.ProductMapper.addProduct-Inline
### The error occurred while setting parameters
### SQL: insert into products values                        (?,?,?,?)          ,              (?,?,?,?)          ,              (?,?,?,?)
### Cause: java.sql.SQLException: Column count doesn't match value count at row 1
; bad SQL grammar []; nested exception is java.sql.SQLException: Column count doesn't match value count at row 1
2023/08/07-23:59:05 DEBUG ProductAspect:38 - 执行后:addProduct
2023/08/07-23:59:58 DEBUG ProductAspect:26 - 执行之前的:addProduct
2023/08/08-00:00:00 DEBUG ProductAspect:34 - 执行中: 
### Error updating database.  Cause: java.sql.SQLException: Column count doesn't match value count at row 1
### The error may involve cn.kgc.mapper.ProductMapper.addProduct-Inline
### The error occurred while setting parameters
### SQL: insert into products values                        (?,?,?,?)          ,              (?,?,?,?)          ,              (?,?,?,?)
### Cause: java.sql.SQLException: Column count doesn't match value count at row 1
; bad SQL grammar []; nested exception is java.sql.SQLException: Column count doesn't match value count at row 1
2023/08/08-00:00:00 DEBUG ProductAspect:38 - 执行后:addProduct
2023/08/08-00:01:33 DEBUG ProductAspect:26 - 执行之前的:addProduct
2023/08/08-00:01:35 DEBUG ProductAspect:38 - 执行后:addProduct
2023/08/08-00:02:40 DEBUG ProductAspect:26 - 执行之前的:DelProById
2023/08/08-00:02:42 DEBUG ProductAspect:38 - 执行后:DelProById
